0 info it worked if it ends with ok
1 verbose cli [ '/usr/bin/nodejs', '/usr/bin/npm', 'run', 'build-css' ]
2 info using npm@3.8.6
3 info using node@v5.11.1
4 verbose run-script [ 'prebuild-css', 'build-css', 'postbuild-css' ]
5 info lifecycle escvi@1.0.0~prebuild-css: escvi@1.0.0
6 silly lifecycle escvi@1.0.0~prebuild-css: no script for prebuild-css, continuing
7 info lifecycle escvi@1.0.0~build-css: escvi@1.0.0
8 verbose lifecycle escvi@1.0.0~build-css: unsafe-perm in lifecycle true
9 verbose lifecycle escvi@1.0.0~build-css: PATH: /usr/lib/node_modules/npm/bin/node-gyp-bin:/home/aa/Dev/ESCVI/node_modules/.bin:/usr/bin:/home/aa/bin:/usr/local/sbin:/usr/local/bin:/usr/sbin:/usr/bin:/sbin:/bin:/usr/games:/usr/local/games:/snap/bin:/usr/local/go/bin:/bin
10 verbose lifecycle escvi@1.0.0~build-css: CWD: /home/aa/Dev/ESCVI
11 silly lifecycle escvi@1.0.0~build-css: Args: [ '-c', 'stylus styles/index.styl -o dist/css' ]
12 silly lifecycle escvi@1.0.0~build-css: Returned: code: 1  signal: null
13 info lifecycle escvi@1.0.0~build-css: Failed to exec build-css script
14 verbose stack Error: escvi@1.0.0 build-css: `stylus styles/index.styl -o dist/css`
14 verbose stack Exit status 1
14 verbose stack     at EventEmitter.<anonymous> (/usr/lib/node_modules/npm/lib/utils/lifecycle.js:239:16)
14 verbose stack     at emitTwo (events.js:100:13)
14 verbose stack     at EventEmitter.emit (events.js:185:7)
14 verbose stack     at ChildProcess.<anonymous> (/usr/lib/node_modules/npm/lib/utils/spawn.js:24:14)
14 verbose stack     at emitTwo (events.js:100:13)
14 verbose stack     at ChildProcess.emit (events.js:185:7)
14 verbose stack     at maybeClose (internal/child_process.js:850:16)
14 verbose stack     at Process.ChildProcess._handle.onexit (internal/child_process.js:215:5)
15 verbose pkgid escvi@1.0.0
16 verbose cwd /home/aa/Dev/ESCVI/styles
17 error Linux 4.4.0-28-generic
18 error argv "/usr/bin/nodejs" "/usr/bin/npm" "run" "build-css"
19 error node v5.11.1
20 error npm  v3.8.6
21 error code ELIFECYCLE
22 error escvi@1.0.0 build-css: `stylus styles/index.styl -o dist/css`
22 error Exit status 1
23 error Failed at the escvi@1.0.0 build-css script 'stylus styles/index.styl -o dist/css'.
23 error Make sure you have the latest version of node.js and npm installed.
23 error If you do, this is most likely a problem with the escvi package,
23 error not with npm itself.
23 error Tell the author that this fails on your system:
23 error     stylus styles/index.styl -o dist/css
23 error You can get information on how to open an issue for this project with:
23 error     npm bugs escvi
23 error Or if that isn't available, you can get their info via:
23 error     npm owner ls escvi
23 error There is likely additional logging output above.
24 verbose exit [ 1, true ]
